/*C12*/SET SCHEMA PUBLIC
SET SCHEMA "PUBLIC"
INSERT INTO EVENTS VALUES('ce8cca81-be70-4946-b977-4dba2832f75c','Rocketseat NLW Unite 3.0','Aprenda varias tecnologias de forma Gratuita e online!','rocketseat-nlw-unite-30',2)
COMMIT
INSERT INTO ATTENDEES VALUES('48ee0f0d-37a2-4535-a4de-731a2a6871af','Lucas Gon\u00e7alves','lucas.goncalves@exemple.com','ce8cca81-be70-4946-b977-4dba2832f75c','2024-04-05 14:30:57.213960')
COMMIT
DISCONNECT
/*C13*/SET SCHEMA PUBLIC
DISCONNECT
/*C14*/SET SCHEMA PUBLIC
DISCONNECT
/*C15*/SET SCHEMA PUBLIC
DISCONNECT
/*C16*/SET SCHEMA PUBLIC
DISCONNECT
/*C17*/SET SCHEMA PUBLIC
DISCONNECT
/*C18*/SET SCHEMA PUBLIC
DISCONNECT
/*C19*/SET SCHEMA PUBLIC
DISCONNECT
/*C20*/SET SCHEMA PUBLIC
DISCONNECT
/*C21*/SET SCHEMA PUBLIC
DISCONNECT
